---
cdmon-report-version: 1.0.0
kind: coverage
repo: demo-taskflow
ref: null
generated-by: cdx rpt
---
summary:
  scanned_files: 12
  documented_files: 8
  waived_files: 3
  ignored_files: 0
  uncovered_files: 1
  percent: 88.89
units:
  - unit: core
    file: core.yaml
    scanned: 4
    documented: 2
    percent: 66.67
    uncovered:
      - src/taskflow/core/scheduler.py
  - unit: io
    file: io.yaml
    scanned: 3
    documented: 2
    percent: 100.00
    uncovered: []
  - unit: tests
    file: tests.yaml
    scanned: 5
    documented: 4
    percent: 100.00
    uncovered: []
undocumented:
  - path: src/taskflow/core/scheduler.py
    suggested_unit: core.yaml
    reason: under dir-covered 'src/taskflow/core' and format '.py'
